{"E:\\Projects\\NodeJS\\YoungTranslator\\DB\\config.js": {"path":"E:\\Projects\\NodeJS\\YoungTranslator\\DB\\config.js","statementMap":{"0":{"start":{"line":1,"column":14},"end":{"line":1,"column":30}},"1":{"start":{"line":2,"column":19},"end":{"line":7,"column":2}},"2":{"start":{"line":10,"column":0},"end":{"line":10,"column":20}},"3":{"start":{"line":12,"column":0},"end":{"line":12,"column":28}}},"fnMap":{},"branchMap":{},"s":{"0":2,"1":2,"2":2,"3":2},"f":{},"b":{},"_coverageSchema":"1a1c01bbd47fc00a2c39e90264f33305004495a9","hash":"9963705c6243f486767ec4419045002426f8befe"}
,"E:\\Projects\\NodeJS\\YoungTranslator\\models\\cache.js": {"path":"E:\\Projects\\NodeJS\\YoungTranslator\\models\\cache.js","statementMap":{"0":{"start":{"line":4,"column":11},"end":{"line":4,"column":37}},"1":{"start":{"line":11,"column":21},"end":{"line":31,"column":1}},"2":{"start":{"line":12,"column":4},"end":{"line":29,"column":7}},"3":{"start":{"line":13,"column":8},"end":{"line":27,"column":11}},"4":{"start":{"line":14,"column":12},"end":{"line":18,"column":13}},"5":{"start":{"line":15,"column":16},"end":{"line":15,"column":28}},"6":{"start":{"line":16,"column":16},"end":{"line":16,"column":26}},"7":{"start":{"line":19,"column":12},"end":{"line":26,"column":13}},"8":{"start":{"line":20,"column":16},"end":{"line":20,"column":45}},"9":{"start":{"line":21,"column":16},"end":{"line":21,"column":30}},"10":{"start":{"line":23,"column":30},"end":{"line":23,"column":41}},"11":{"start":{"line":24,"column":16},"end":{"line":24,"column":46}},"12":{"start":{"line":25,"column":16},"end":{"line":25,"column":31}},"13":{"start":{"line":39,"column":23},"end":{"line":59,"column":1}},"14":{"start":{"line":40,"column":4},"end":{"line":57,"column":7}},"15":{"start":{"line":41,"column":8},"end":{"line":55,"column":11}},"16":{"start":{"line":42,"column":12},"end":{"line":54,"column":13}},"17":{"start":{"line":43,"column":16},"end":{"line":43,"column":28}},"18":{"start":{"line":44,"column":16},"end":{"line":44,"column":26}},"19":{"start":{"line":46,"column":17},"end":{"line":54,"column":13}},"20":{"start":{"line":47,"column":16},"end":{"line":47,"column":63}},"21":{"start":{"line":48,"column":29},"end":{"line":48,"column":33}},"22":{"start":{"line":49,"column":16},"end":{"line":49,"column":32}},"23":{"start":{"line":51,"column":16},"end":{"line":51,"column":53}},"24":{"start":{"line":52,"column":29},"end":{"line":52,"column":34}},"25":{"start":{"line":53,"column":16},"end":{"line":53,"column":32}},"26":{"start":{"line":62,"column":0},"end":{"line":65,"column":1}}},"fnMap":{"0":{"name":"(anonymous_0)","decl":{"start":{"line":11,"column":21},"end":{"line":11,"column":22}},"loc":{"start":{"line":11,"column":27},"end":{"line":31,"column":1}},"line":11},"1":{"name":"(anonymous_1)","decl":{"start":{"line":12,"column":23},"end":{"line":12,"column":24}},"loc":{"start":{"line":12,"column":44},"end":{"line":29,"column":5}},"line":12},"2":{"name":"(anonymous_2)","decl":{"start":{"line":13,"column":73},"end":{"line":13,"column":74}},"loc":{"start":{"line":13,"column":102},"end":{"line":27,"column":9}},"line":13},"3":{"name":"(anonymous_3)","decl":{"start":{"line":39,"column":23},"end":{"line":39,"column":24}},"loc":{"start":{"line":39,"column":29},"end":{"line":59,"column":1}},"line":39},"4":{"name":"(anonymous_4)","decl":{"start":{"line":40,"column":23},"end":{"line":40,"column":24}},"loc":{"start":{"line":40,"column":44},"end":{"line":57,"column":5}},"line":40},"5":{"name":"(anonymous_5)","decl":{"start":{"line":41,"column":51},"end":{"line":41,"column":52}},"loc":{"start":{"line":41,"column":80},"end":{"line":55,"column":9}},"line":41}},"branchMap":{"0":{"loc":{"start":{"line":14,"column":12},"end":{"line":18,"column":13}},"type":"if","locations":[{"start":{"line":14,"column":12},"end":{"line":18,"column":13}},{"start":{"line":14,"column":12},"end":{"line":18,"column":13}}],"line":14},"1":{"loc":{"start":{"line":19,"column":12},"end":{"line":26,"column":13}},"type":"if","locations":[{"start":{"line":19,"column":12},"end":{"line":26,"column":13}},{"start":{"line":19,"column":12},"end":{"line":26,"column":13}}],"line":19},"2":{"loc":{"start":{"line":42,"column":12},"end":{"line":54,"column":13}},"type":"if","locations":[{"start":{"line":42,"column":12},"end":{"line":54,"column":13}},{"start":{"line":42,"column":12},"end":{"line":54,"column":13}}],"line":42},"3":{"loc":{"start":{"line":46,"column":17},"end":{"line":54,"column":13}},"type":"if","locations":[{"start":{"line":46,"column":17},"end":{"line":54,"column":13}},{"start":{"line":46,"column":17},"end":{"line":54,"column":13}}],"line":46}},"s":{"0":1,"1":1,"2":2,"3":2,"4":2,"5":0,"6":0,"7":2,"8":2,"9":2,"10":0,"11":0,"12":0,"13":1,"14":0,"15":0,"16":0,"17":0,"18":0,"19":0,"20":0,"21":0,"22":0,"23":0,"24":0,"25":0,"26":1},"f":{"0":2,"1":2,"2":2,"3":0,"4":0,"5":0},"b":{"0":[0,2],"1":[2,0],"2":[0,0],"3":[0,0]},"_coverageSchema":"1a1c01bbd47fc00a2c39e90264f33305004495a9","hash":"23d6ceac90283a5dc8bd6e6f868a59b73d72fc65"}
,"E:\\Projects\\NodeJS\\YoungTranslator\\models\\db.js": {"path":"E:\\Projects\\NodeJS\\YoungTranslator\\models\\db.js","statementMap":{"0":{"start":{"line":4,"column":11},"end":{"line":4,"column":37}},"1":{"start":{"line":5,"column":15},"end":{"line":5,"column":32}},"2":{"start":{"line":6,"column":0},"end":{"line":6,"column":18}},"3":{"start":{"line":14,"column":19},"end":{"line":32,"column":1}},"4":{"start":{"line":15,"column":4},"end":{"line":30,"column":7}},"5":{"start":{"line":16,"column":8},"end":{"line":28,"column":11}},"6":{"start":{"line":17,"column":12},"end":{"line":19,"column":13}},"7":{"start":{"line":18,"column":16},"end":{"line":18,"column":26}},"8":{"start":{"line":20,"column":12},"end":{"line":27,"column":13}},"9":{"start":{"line":21,"column":16},"end":{"line":21,"column":51}},"10":{"start":{"line":22,"column":16},"end":{"line":22,"column":30}},"11":{"start":{"line":24,"column":30},"end":{"line":24,"column":41}},"12":{"start":{"line":25,"column":16},"end":{"line":25,"column":55}},"13":{"start":{"line":26,"column":16},"end":{"line":26,"column":30}},"14":{"start":{"line":40,"column":20},"end":{"line":65,"column":1}},"15":{"start":{"line":41,"column":4},"end":{"line":41,"column":53}},"16":{"start":{"line":42,"column":18},"end":{"line":42,"column":28}},"17":{"start":{"line":43,"column":23},"end":{"line":43,"column":61}},"18":{"start":{"line":44,"column":24},"end":{"line":44,"column":64}},"19":{"start":{"line":45,"column":27},"end":{"line":45,"column":83}},"20":{"start":{"line":46,"column":4},"end":{"line":63,"column":6}},"21":{"start":{"line":47,"column":8},"end":{"line":62,"column":15}},"22":{"start":{"line":49,"column":16},"end":{"line":61,"column":17}},"23":{"start":{"line":50,"column":20},"end":{"line":50,"column":32}},"24":{"start":{"line":51,"column":20},"end":{"line":51,"column":30}},"25":{"start":{"line":53,"column":21},"end":{"line":61,"column":17}},"26":{"start":{"line":54,"column":20},"end":{"line":54,"column":62}},"27":{"start":{"line":55,"column":33},"end":{"line":55,"column":37}},"28":{"start":{"line":56,"column":20},"end":{"line":56,"column":36}},"29":{"start":{"line":58,"column":20},"end":{"line":58,"column":58}},"30":{"start":{"line":59,"column":33},"end":{"line":59,"column":38}},"31":{"start":{"line":60,"column":20},"end":{"line":60,"column":36}},"32":{"start":{"line":72,"column":27},"end":{"line":93,"column":1}},"33":{"start":{"line":73,"column":4},"end":{"line":91,"column":7}},"34":{"start":{"line":74,"column":4},"end":{"line":74,"column":29}},"35":{"start":{"line":75,"column":8},"end":{"line":89,"column":11}},"36":{"start":{"line":76,"column":12},"end":{"line":88,"column":13}},"37":{"start":{"line":77,"column":16},"end":{"line":77,"column":28}},"38":{"start":{"line":78,"column":16},"end":{"line":78,"column":26}},"39":{"start":{"line":80,"column":17},"end":{"line":88,"column":13}},"40":{"start":{"line":81,"column":16},"end":{"line":81,"column":67}},"41":{"start":{"line":82,"column":29},"end":{"line":82,"column":33}},"42":{"start":{"line":83,"column":16},"end":{"line":83,"column":32}},"43":{"start":{"line":85,"column":16},"end":{"line":85,"column":55}},"44":{"start":{"line":86,"column":29},"end":{"line":86,"column":34}},"45":{"start":{"line":87,"column":16},"end":{"line":87,"column":32}},"46":{"start":{"line":96,"column":0},"end":{"line":100,"column":1}}},"fnMap":{"0":{"name":"(anonymous_0)","decl":{"start":{"line":14,"column":19},"end":{"line":14,"column":20}},"loc":{"start":{"line":14,"column":39},"end":{"line":32,"column":1}},"line":14},"1":{"name":"(anonymous_1)","decl":{"start":{"line":15,"column":23},"end":{"line":15,"column":24}},"loc":{"start":{"line":15,"column":44},"end":{"line":30,"column":5}},"line":15},"2":{"name":"(anonymous_2)","decl":{"start":{"line":16,"column":120},"end":{"line":16,"column":121}},"loc":{"start":{"line":16,"column":149},"end":{"line":28,"column":9}},"line":16},"3":{"name":"(anonymous_3)","decl":{"start":{"line":40,"column":20},"end":{"line":40,"column":21}},"loc":{"start":{"line":40,"column":53},"end":{"line":65,"column":1}},"line":40},"4":{"name":"(anonymous_4)","decl":{"start":{"line":46,"column":23},"end":{"line":46,"column":24}},"loc":{"start":{"line":46,"column":44},"end":{"line":63,"column":5}},"line":46},"5":{"name":"(anonymous_5)","decl":{"start":{"line":48,"column":64},"end":{"line":48,"column":65}},"loc":{"start":{"line":48,"column":93},"end":{"line":62,"column":13}},"line":48},"6":{"name":"(anonymous_6)","decl":{"start":{"line":72,"column":27},"end":{"line":72,"column":28}},"loc":{"start":{"line":72,"column":44},"end":{"line":93,"column":1}},"line":72},"7":{"name":"(anonymous_7)","decl":{"start":{"line":73,"column":23},"end":{"line":73,"column":24}},"loc":{"start":{"line":73,"column":44},"end":{"line":91,"column":5}},"line":73},"8":{"name":"(anonymous_8)","decl":{"start":{"line":75,"column":90},"end":{"line":75,"column":91}},"loc":{"start":{"line":75,"column":119},"end":{"line":89,"column":9}},"line":75}},"branchMap":{"0":{"loc":{"start":{"line":17,"column":12},"end":{"line":19,"column":13}},"type":"if","locations":[{"start":{"line":17,"column":12},"end":{"line":19,"column":13}},{"start":{"line":17,"column":12},"end":{"line":19,"column":13}}],"line":17},"1":{"loc":{"start":{"line":20,"column":12},"end":{"line":27,"column":13}},"type":"if","locations":[{"start":{"line":20,"column":12},"end":{"line":27,"column":13}},{"start":{"line":20,"column":12},"end":{"line":27,"column":13}}],"line":20},"2":{"loc":{"start":{"line":49,"column":16},"end":{"line":61,"column":17}},"type":"if","locations":[{"start":{"line":49,"column":16},"end":{"line":61,"column":17}},{"start":{"line":49,"column":16},"end":{"line":61,"column":17}}],"line":49},"3":{"loc":{"start":{"line":53,"column":21},"end":{"line":61,"column":17}},"type":"if","locations":[{"start":{"line":53,"column":21},"end":{"line":61,"column":17}},{"start":{"line":53,"column":21},"end":{"line":61,"column":17}}],"line":53},"4":{"loc":{"start":{"line":76,"column":12},"end":{"line":88,"column":13}},"type":"if","locations":[{"start":{"line":76,"column":12},"end":{"line":88,"column":13}},{"start":{"line":76,"column":12},"end":{"line":88,"column":13}}],"line":76},"5":{"loc":{"start":{"line":80,"column":17},"end":{"line":88,"column":13}},"type":"if","locations":[{"start":{"line":80,"column":17},"end":{"line":88,"column":13}},{"start":{"line":80,"column":17},"end":{"line":88,"column":13}}],"line":80}},"s":{"0":1,"1":1,"2":1,"3":1,"4":0,"5":0,"6":0,"7":0,"8":0,"9":0,"10":0,"11":0,"12":0,"13":0,"14":1,"15":1,"16":1,"17":1,"18":1,"19":1,"20":1,"21":1,"22":1,"23":0,"24":0,"25":1,"26":1,"27":1,"28":1,"29":0,"30":0,"31":0,"32":1,"33":0,"34":0,"35":0,"36":0,"37":0,"38":0,"39":0,"40":0,"41":0,"42":0,"43":0,"44":0,"45":0,"46":1},"f":{"0":0,"1":0,"2":0,"3":1,"4":1,"5":1,"6":0,"7":0,"8":0},"b":{"0":[0,0],"1":[0,0],"2":[0,1],"3":[1,0],"4":[0,0],"5":[0,0]},"_coverageSchema":"1a1c01bbd47fc00a2c39e90264f33305004495a9","hash":"9b1e5fb40927f3578d9911d755a80dea1f28c056"}
,"E:\\Projects\\NodeJS\\YoungTranslator\\models\\languages.js": {"path":"E:\\Projects\\NodeJS\\YoungTranslator\\models\\languages.js","statementMap":{"0":{"start":{"line":4,"column":11},"end":{"line":4,"column":37}},"1":{"start":{"line":12,"column":33},"end":{"line":30,"column":1}},"2":{"start":{"line":13,"column":4},"end":{"line":28,"column":7}},"3":{"start":{"line":14,"column":8},"end":{"line":26,"column":11}},"4":{"start":{"line":15,"column":12},"end":{"line":17,"column":13}},"5":{"start":{"line":16,"column":16},"end":{"line":16,"column":26}},"6":{"start":{"line":18,"column":12},"end":{"line":25,"column":13}},"7":{"start":{"line":19,"column":16},"end":{"line":19,"column":48}},"8":{"start":{"line":20,"column":16},"end":{"line":20,"column":30}},"9":{"start":{"line":22,"column":30},"end":{"line":22,"column":41}},"10":{"start":{"line":23,"column":16},"end":{"line":23,"column":46}},"11":{"start":{"line":24,"column":16},"end":{"line":24,"column":30}},"12":{"start":{"line":39,"column":24},"end":{"line":65,"column":1}},"13":{"start":{"line":40,"column":4},"end":{"line":40,"column":33}},"14":{"start":{"line":41,"column":27},"end":{"line":41,"column":72}},"15":{"start":{"line":41,"column":52},"end":{"line":41,"column":60}},"16":{"start":{"line":42,"column":4},"end":{"line":63,"column":7}},"17":{"start":{"line":43,"column":8},"end":{"line":61,"column":11}},"18":{"start":{"line":45,"column":12},"end":{"line":60,"column":13}},"19":{"start":{"line":46,"column":16},"end":{"line":46,"column":28}},"20":{"start":{"line":47,"column":16},"end":{"line":47,"column":26}},"21":{"start":{"line":49,"column":17},"end":{"line":60,"column":13}},"22":{"start":{"line":50,"column":16},"end":{"line":55,"column":19}},"23":{"start":{"line":52,"column":20},"end":{"line":52,"column":66}},"24":{"start":{"line":53,"column":33},"end":{"line":53,"column":37}},"25":{"start":{"line":54,"column":20},"end":{"line":54,"column":36}},"26":{"start":{"line":57,"column":16},"end":{"line":57,"column":53}},"27":{"start":{"line":58,"column":29},"end":{"line":58,"column":34}},"28":{"start":{"line":59,"column":16},"end":{"line":59,"column":32}},"29":{"start":{"line":68,"column":0},"end":{"line":71,"column":1}}},"fnMap":{"0":{"name":"(anonymous_0)","decl":{"start":{"line":12,"column":33},"end":{"line":12,"column":34}},"loc":{"start":{"line":12,"column":39},"end":{"line":30,"column":1}},"line":12},"1":{"name":"(anonymous_1)","decl":{"start":{"line":13,"column":23},"end":{"line":13,"column":24}},"loc":{"start":{"line":13,"column":44},"end":{"line":28,"column":5}},"line":13},"2":{"name":"(anonymous_2)","decl":{"start":{"line":14,"column":78},"end":{"line":14,"column":79}},"loc":{"start":{"line":14,"column":107},"end":{"line":26,"column":9}},"line":14},"3":{"name":"(anonymous_3)","decl":{"start":{"line":39,"column":24},"end":{"line":39,"column":25}},"loc":{"start":{"line":39,"column":45},"end":{"line":65,"column":1}},"line":39},"4":{"name":"(anonymous_4)","decl":{"start":{"line":41,"column":47},"end":{"line":41,"column":48}},"loc":{"start":{"line":41,"column":52},"end":{"line":41,"column":60}},"line":41},"5":{"name":"(anonymous_5)","decl":{"start":{"line":42,"column":23},"end":{"line":42,"column":24}},"loc":{"start":{"line":42,"column":44},"end":{"line":63,"column":5}},"line":42},"6":{"name":"(anonymous_6)","decl":{"start":{"line":44,"column":8},"end":{"line":44,"column":9}},"loc":{"start":{"line":44,"column":37},"end":{"line":61,"column":9}},"line":44},"7":{"name":"(anonymous_7)","decl":{"start":{"line":51,"column":16},"end":{"line":51,"column":17}},"loc":{"start":{"line":51,"column":45},"end":{"line":55,"column":17}},"line":51}},"branchMap":{"0":{"loc":{"start":{"line":15,"column":12},"end":{"line":17,"column":13}},"type":"if","locations":[{"start":{"line":15,"column":12},"end":{"line":17,"column":13}},{"start":{"line":15,"column":12},"end":{"line":17,"column":13}}],"line":15},"1":{"loc":{"start":{"line":18,"column":12},"end":{"line":25,"column":13}},"type":"if","locations":[{"start":{"line":18,"column":12},"end":{"line":25,"column":13}},{"start":{"line":18,"column":12},"end":{"line":25,"column":13}}],"line":18},"2":{"loc":{"start":{"line":45,"column":12},"end":{"line":60,"column":13}},"type":"if","locations":[{"start":{"line":45,"column":12},"end":{"line":60,"column":13}},{"start":{"line":45,"column":12},"end":{"line":60,"column":13}}],"line":45},"3":{"loc":{"start":{"line":49,"column":17},"end":{"line":60,"column":13}},"type":"if","locations":[{"start":{"line":49,"column":17},"end":{"line":60,"column":13}},{"start":{"line":49,"column":17},"end":{"line":60,"column":13}}],"line":49}},"s":{"0":1,"1":1,"2":1,"3":1,"4":1,"5":0,"6":1,"7":1,"8":1,"9":0,"10":0,"11":0,"12":1,"13":0,"14":0,"15":0,"16":0,"17":0,"18":0,"19":0,"20":0,"21":0,"22":0,"23":0,"24":0,"25":0,"26":0,"27":0,"28":0,"29":1},"f":{"0":1,"1":1,"2":1,"3":0,"4":0,"5":0,"6":0,"7":0},"b":{"0":[0,1],"1":[1,0],"2":[0,0],"3":[0,0]},"_coverageSchema":"1a1c01bbd47fc00a2c39e90264f33305004495a9","hash":"b8de56ca47638a609ff5d0ba45c64c30ff9c3c2d"}
}
