TN:
SF:DB\config.js
FNF:0
FNH:0
DA:1,2
DA:2,2
DA:10,2
DA:12,2
LF:4
LH:4
BRF:0
BRH:0
end_of_record
TN:
SF:models\cache.js
FN:11,(anonymous_0)
FN:12,(anonymous_1)
FN:13,(anonymous_2)
FN:39,(anonymous_3)
FN:40,(anonymous_4)
FN:41,(anonymous_5)
FNF:6
FNH:3
FNDA:2,(anonymous_0)
FNDA:2,(anonymous_1)
FNDA:2,(anonymous_2)
FNDA:0,(anonymous_3)
FNDA:0,(anonymous_4)
FNDA:0,(anonymous_5)
DA:4,1
DA:11,1
DA:12,2
DA:13,2
DA:14,2
DA:15,0
DA:16,0
DA:19,2
DA:20,2
DA:21,2
DA:23,0
DA:24,0
DA:25,0
DA:39,1
DA:40,0
DA:41,0
DA:42,0
DA:43,0
DA:44,0
DA:46,0
DA:47,0
DA:48,0
DA:49,0
DA:51,0
DA:52,0
DA:53,0
DA:62,1
LF:27
LH:10
BRDA:14,0,0,0
BRDA:14,0,1,2
BRDA:19,1,0,2
BRDA:19,1,1,0
BRDA:42,2,0,0
BRDA:42,2,1,0
BRDA:46,3,0,0
BRDA:46,3,1,0
BRF:8
BRH:2
end_of_record
TN:
SF:models\db.js
FN:14,(anonymous_0)
FN:15,(anonymous_1)
FN:16,(anonymous_2)
FN:40,(anonymous_3)
FN:46,(anonymous_4)
FN:48,(anonymous_5)
FN:72,(anonymous_6)
FN:73,(anonymous_7)
FN:75,(anonymous_8)
FNF:9
FNH:3
FNDA:0,(anonymous_0)
FNDA:0,(anonymous_1)
FNDA:0,(anonymous_2)
FNDA:1,(anonymous_3)
FNDA:1,(anonymous_4)
FNDA:1,(anonymous_5)
FNDA:0,(anonymous_6)
FNDA:0,(anonymous_7)
FNDA:0,(anonymous_8)
DA:4,1
DA:5,1
DA:6,1
DA:14,1
DA:15,0
DA:16,0
DA:17,0
DA:18,0
DA:20,0
DA:21,0
DA:22,0
DA:24,0
DA:25,0
DA:26,0
DA:40,1
DA:41,1
DA:42,1
DA:43,1
DA:44,1
DA:45,1
DA:46,1
DA:47,1
DA:49,1
DA:50,0
DA:51,0
DA:53,1
DA:54,1
DA:55,1
DA:56,1
DA:58,0
DA:59,0
DA:60,0
DA:72,1
DA:73,0
DA:74,0
DA:75,0
DA:76,0
DA:77,0
DA:78,0
DA:80,0
DA:81,0
DA:82,0
DA:83,0
DA:85,0
DA:86,0
DA:87,0
DA:96,1
LF:47
LH:19
BRDA:17,0,0,0
BRDA:17,0,1,0
BRDA:20,1,0,0
BRDA:20,1,1,0
BRDA:49,2,0,0
BRDA:49,2,1,1
BRDA:53,3,0,1
BRDA:53,3,1,0
BRDA:76,4,0,0
BRDA:76,4,1,0
BRDA:80,5,0,0
BRDA:80,5,1,0
BRF:12
BRH:2
end_of_record
TN:
SF:models\languages.js
FN:12,(anonymous_0)
FN:13,(anonymous_1)
FN:14,(anonymous_2)
FN:39,(anonymous_3)
FN:41,(anonymous_4)
FN:42,(anonymous_5)
FN:44,(anonymous_6)
FN:51,(anonymous_7)
FNF:8
FNH:3
FNDA:1,(anonymous_0)
FNDA:1,(anonymous_1)
FNDA:1,(anonymous_2)
FNDA:0,(anonymous_3)
FNDA:0,(anonymous_4)
FNDA:0,(anonymous_5)
FNDA:0,(anonymous_6)
FNDA:0,(anonymous_7)
DA:4,1
DA:12,1
DA:13,1
DA:14,1
DA:15,1
DA:16,0
DA:18,1
DA:19,1
DA:20,1
DA:22,0
DA:23,0
DA:24,0
DA:39,1
DA:40,0
DA:41,0
DA:42,0
DA:43,0
DA:45,0
DA:46,0
DA:47,0
DA:49,0
DA:50,0
DA:52,0
DA:53,0
DA:54,0
DA:57,0
DA:58,0
DA:59,0
DA:68,1
LF:29
LH:10
BRDA:15,0,0,0
BRDA:15,0,1,1
BRDA:18,1,0,1
BRDA:18,1,1,0
BRDA:45,2,0,0
BRDA:45,2,1,0
BRDA:49,3,0,0
BRDA:49,3,1,0
BRF:8
BRH:2
end_of_record
